import { useRouter } from "next/router";
import { useState, useEffect } from "react";

export default function AdminLoginPage() {
  const router = useRouter();
  const [email, setEmail] = useState("");
  const [password, setPassword] = useState("");
  const [error, setError] = useState("");
  const [authStatus, setAuthStatus] = useState("");

  useEffect(() => {
    const isSupported = window.PublicKeyCredential !== undefined;
    if (!isSupported) {
      setAuthStatus("이 브라우저에서는 Face ID 또는 Touch ID를 사용할 수 없습니다.");
    } else {
      setAuthStatus("Face ID / Touch ID 사용 가능");
    }
  }, []);

  const handleLogin = () => {
    if (email === "u95zx" && password === "zx7092") {
      router.push("/admin/dashboard");
    } else {
      setError("아이디 또는 비밀번호가 올바르지 않습니다.");
    }
  };

  const handleFaceAuth = async () => {
    setAuthStatus("Face ID / Touch ID 인증 시도 중...");
    try {
      const credential = await navigator.credentials.get({
        publicKey: {
          challenge: new Uint8Array(32),
          timeout: 60000,
          userVerification: "required",
        },
      });
      if (credential) {
        router.push("/admin/dashboard");
      } else {
        setAuthStatus("인증 실패. 다시 시도해주세요.");
      }
    } catch (error) {
      setAuthStatus("Face ID / Touch ID 인증 실패: " + error.message);
    }
  };

  return (
    <div className="min-h-screen bg-gradient-to-b from-[#fffaf2] to-[#fef8ee] flex flex-col justify-center items-center px-4">
      <div className="bg-white rounded-xl shadow-xl p-10 w-full max-w-md">
        <h1 className="text-2xl font-bold text-center text-[#432818] mb-6">온마루펫 관리자 로그인</h1>
        <div className="mb-4">
          <label className="block text-sm mb-1 text-[#6a4e33]">아이디</label>
          <input
            type="text"
            value={email}
            onChange={(e) => setEmail(e.target.value)}
            className="w-full px-3 py-2 border rounded-md text-sm"
            placeholder="관리자 아이디 입력"
          />
        </div>
        <div className="mb-4">
          <label className="block text-sm mb-1 text-[#6a4e33]">비밀번호</label>
          <input
            type="password"
            value={password}
            onChange={(e) => setPassword(e.target.value)}
            className="w-full px-3 py-2 border rounded-md text-sm"
            placeholder="비밀번호 입력"
          />
        </div>
        {error && <p className="text-sm text-red-500 mb-4">{error}</p>}
        <button
          onClick={handleLogin}
          className="w-full bg-[#432818] hover:bg-[#2d1a10] text-white py-2 rounded-md text-sm font-semibold mb-3"
        >
          로그인
        </button>
        <button
          onClick={handleFaceAuth}
          className="w-full border border-[#432818] text-[#432818] py-2 rounded-md text-sm font-semibold hover:bg-[#f8eee2]"
        >
          Face ID / Touch ID 로그인
        </button>
        {authStatus && <p className="text-xs text-center mt-4 text-[#6a4e33]">{authStatus}</p>}
      </div>
      <p className="mt-6 text-xs text-[#6a4e33]">© 2025 온마루펫 | 내부 관리자 전용 페이지</p>
    </div>
  );
}
